<?xml version="1.0" encoding="UTF-8"?>
<!-- Generated by org.testng.reporters.JUnitReportReporter -->
<testsuite skipped="0" hostname="DESKTOP-HVV7HMJ" name="com.capg.testcase.LoginTestClass" tests="1" failures="0" timestamp="2021-06-21T21:02:49 IST" time="0.885" errors="0">
  <testcase name="login" time="0.885" classname="com.capg.testcase.LoginTestClass"/>
  <system-out/>
</testsuite> <!-- com.capg.testcase.LoginTestClass -->
